2026-05-21 13:31:37,562 DEBUG    root            Failed to read GCE cache file: [Errno 2] No such file or directory: '/content/.config/gce'
2026-05-21 13:31:49,584 DEBUG    root            Failed to check metadata server: <urlopen error timed out>
2026-05-21 13:31:49,585 DEBUG    root            On GCE from server: False
2026-05-21 13:31:49,587 DEBUG    root            Loaded Command Group: ['gcloud', 'components']
2026-05-21 13:31:49,591 DEBUG    root            Loaded Command Group: ['gcloud', 'components', 'update']
2026-05-21 13:31:49,593 DEBUG    root            Running [gcloud.components.update] with arguments: [--compile-python: "True", --quiet: "True", COMPONENT-IDS:6: "['core', 'gcloud-deps', 'bq', 'gcloud', 'gcloud-crc32c', 'gsutil']"]
2026-05-21 13:31:49,593 INFO     ___FILE_ONLY___ Beginning update. This process may take several minutes.

2026-05-21 13:31:49,604 DEBUG    root            On GCE from memory cache: False
2026-05-21 13:31:49,605 DEBUG    root            On GCE from memory cache: False
2026-05-21 13:31:49,608 DEBUG    urllib3.connectionpool Starting new HTTPS connection (1): dl.google.com:443
2026-05-21 13:31:49,692 DEBUG    urllib3.connectionpool https://dl.google.com:443 "GET /dl/cloudsdk/channels/rapid/components-2.json HTTP/1.1" 200 25013
2026-05-21 13:31:49,703 INFO     ___FILE_ONLY___ 

2026-05-21 13:31:49,704 INFO     ___FILE_ONLY___ 
Your current Google Cloud CLI version is: 569.0.0

2026-05-21 13:31:49,704 INFO     ___FILE_ONLY___ Installing components from version: 569.0.0

2026-05-21 13:31:49,704 INFO     ___FILE_ONLY___ 

2026-05-21 13:31:49,704 DEBUG    root            Chosen display Format:table[box,title="These components will be removed."](details.display_name:label=Name:align=left,version.version_string:label=Version:align=right,data.size.size(zero="",min=1048576):label=Size:align=right)
2026-05-21 13:31:49,705 DEBUG    root            Chosen display Format:table[box,title="These components will be updated."](details.display_name:label=Name:align=left,version.version_string:label=Version:align=right,data.size.size(zero="",min=1048576):label=Size:align=right)
2026-05-21 13:31:49,705 DEBUG    root            Chosen display Format:table[box,title="These components will be installed."](details.display_name:label=Name:align=left,version.version_string:label=Version:align=right,data.size.size(zero="",min=1048576):label=Size:align=right)
2026-05-21 13:31:49,747 INFO     ___FILE_ONLY___ ┌─────────────────────────────────────────────────────────────────────────────┐
2026-05-21 13:31:49,748 INFO     ___FILE_ONLY___ 

2026-05-21 13:31:49,748 INFO     ___FILE_ONLY___ │                     These components will be installed.                     │
2026-05-21 13:31:49,748 INFO     ___FILE_ONLY___ 

2026-05-21 13:31:49,748 INFO     ___FILE_ONLY___ ├─────────────────────────────────────────────────────┬────────────┬──────────┤
2026-05-21 13:31:49,748 INFO     ___FILE_ONLY___ 

2026-05-21 13:31:49,748 INFO     ___FILE_ONLY___ │                         Name                        │  Version   │   Size   │
2026-05-21 13:31:49,748 INFO     ___FILE_ONLY___ 

2026-05-21 13:31:49,748 INFO     ___FILE_ONLY___ ├─────────────────────────────────────────────────────┼────────────┼──────────┤
2026-05-21 13:31:49,748 INFO     ___FILE_ONLY___ 

2026-05-21 13:31:49,748 INFO     ___FILE_ONLY___ │ 
2026-05-21 13:31:49,748 INFO     ___FILE_ONLY___ BigQuery Command Line Tool                         
2026-05-21 13:31:49,748 INFO     ___FILE_ONLY___  
2026-05-21 13:31:49,748 INFO     ___FILE_ONLY___ │ 
2026-05-21 13:31:49,749 INFO     ___FILE_ONLY___     2.1.31
2026-05-21 13:31:49,749 INFO     ___FILE_ONLY___  
2026-05-21 13:31:49,749 INFO     ___FILE_ONLY___ │ 
2026-05-21 13:31:49,749 INFO     ___FILE_ONLY___  1.8 MiB
2026-05-21 13:31:49,749 INFO     ___FILE_ONLY___  
2026-05-21 13:31:49,749 INFO     ___FILE_ONLY___ │
2026-05-21 13:31:49,749 INFO     ___FILE_ONLY___ 

2026-05-21 13:31:49,749 INFO     ___FILE_ONLY___ │ 
2026-05-21 13:31:49,749 INFO     ___FILE_ONLY___ BigQuery Command Line Tool (Platform Specific)     
2026-05-21 13:31:49,749 INFO     ___FILE_ONLY___  
2026-05-21 13:31:49,749 INFO     ___FILE_ONLY___ │ 
2026-05-21 13:31:49,749 INFO     ___FILE_ONLY___     2.1.31
2026-05-21 13:31:49,749 INFO     ___FILE_ONLY___  
2026-05-21 13:31:49,749 INFO     ___FILE_ONLY___ │ 
2026-05-21 13:31:49,749 INFO     ___FILE_ONLY___  < 1 MiB
2026-05-21 13:31:49,750 INFO     ___FILE_ONLY___  
2026-05-21 13:31:49,750 INFO     ___FILE_ONLY___ │
2026-05-21 13:31:49,750 INFO     ___FILE_ONLY___ 

2026-05-21 13:31:49,750 INFO     ___FILE_ONLY___ │ 
2026-05-21 13:31:49,750 INFO     ___FILE_ONLY___ Bundled Python 3.14 (Platform Specific)            
2026-05-21 13:31:49,750 INFO     ___FILE_ONLY___  
2026-05-21 13:31:49,750 INFO     ___FILE_ONLY___ │ 
2026-05-21 13:31:49,750 INFO     ___FILE_ONLY___     3.14.4
2026-05-21 13:31:49,750 INFO     ___FILE_ONLY___  
2026-05-21 13:31:49,750 INFO     ___FILE_ONLY___ │ 
2026-05-21 13:31:49,750 INFO     ___FILE_ONLY___ 25.9 MiB
2026-05-21 13:31:49,750 INFO     ___FILE_ONLY___  
2026-05-21 13:31:49,750 INFO     ___FILE_ONLY___ │
2026-05-21 13:31:49,750 INFO     ___FILE_ONLY___ 

2026-05-21 13:31:49,750 INFO     ___FILE_ONLY___ │ 
2026-05-21 13:31:49,750 INFO     ___FILE_ONLY___ Cloud Storage Command Line Tool                    
2026-05-21 13:31:49,750 INFO     ___FILE_ONLY___  
2026-05-21 13:31:49,751 INFO     ___FILE_ONLY___ │ 
2026-05-21 13:31:49,751 INFO     ___FILE_ONLY___       5.37
2026-05-21 13:31:49,751 INFO     ___FILE_ONLY___  
2026-05-21 13:31:49,751 INFO     ___FILE_ONLY___ │ 
2026-05-21 13:31:49,751 INFO     ___FILE_ONLY___ 12.4 MiB
2026-05-21 13:31:49,751 INFO     ___FILE_ONLY___  
2026-05-21 13:31:49,751 INFO     ___FILE_ONLY___ │
2026-05-21 13:31:49,751 INFO     ___FILE_ONLY___ 

2026-05-21 13:31:49,751 INFO     ___FILE_ONLY___ │ 
2026-05-21 13:31:49,751 INFO     ___FILE_ONLY___ Cloud Storage Command Line Tool (Platform Specific)
2026-05-21 13:31:49,751 INFO     ___FILE_ONLY___  
2026-05-21 13:31:49,751 INFO     ___FILE_ONLY___ │ 
2026-05-21 13:31:49,751 INFO     ___FILE_ONLY___       5.36
2026-05-21 13:31:49,751 INFO     ___FILE_ONLY___  
2026-05-21 13:31:49,752 INFO     ___FILE_ONLY___ │ 
2026-05-21 13:31:49,752 INFO     ___FILE_ONLY___  < 1 MiB
2026-05-21 13:31:49,752 INFO     ___FILE_ONLY___  
2026-05-21 13:31:49,752 INFO     ___FILE_ONLY___ │
2026-05-21 13:31:49,752 INFO     ___FILE_ONLY___ 

2026-05-21 13:31:49,752 INFO     ___FILE_ONLY___ │ 
2026-05-21 13:31:49,752 INFO     ___FILE_ONLY___ Google Cloud CLI Core Libraries (Platform Specific)
2026-05-21 13:31:49,752 INFO     ___FILE_ONLY___  
2026-05-21 13:31:49,752 INFO     ___FILE_ONLY___ │ 
2026-05-21 13:31:49,752 INFO     ___FILE_ONLY___ 2026.04.24
2026-05-21 13:31:49,752 INFO     ___FILE_ONLY___  
2026-05-21 13:31:49,752 INFO     ___FILE_ONLY___ │ 
2026-05-21 13:31:49,753 INFO     ___FILE_ONLY___  < 1 MiB
2026-05-21 13:31:49,753 INFO     ___FILE_ONLY___  
2026-05-21 13:31:49,753 INFO     ___FILE_ONLY___ │
2026-05-21 13:31:49,753 INFO     ___FILE_ONLY___ 

2026-05-21 13:31:49,753 INFO     ___FILE_ONLY___ │ 
2026-05-21 13:31:49,753 INFO     ___FILE_ONLY___ Google Cloud CRC32C Hash Tool (Platform Specific)  
2026-05-21 13:31:49,753 INFO     ___FILE_ONLY___  
2026-05-21 13:31:49,753 INFO     ___FILE_ONLY___ │ 
2026-05-21 13:31:49,753 INFO     ___FILE_ONLY___      1.0.0
2026-05-21 13:31:49,753 INFO     ___FILE_ONLY___  
2026-05-21 13:31:49,753 INFO     ___FILE_ONLY___ │ 
2026-05-21 13:31:49,753 INFO     ___FILE_ONLY___  1.5 MiB
2026-05-21 13:31:49,753 INFO     ___FILE_ONLY___  
2026-05-21 13:31:49,753 INFO     ___FILE_ONLY___ │
2026-05-21 13:31:49,754 INFO     ___FILE_ONLY___ 

2026-05-21 13:31:49,754 INFO     ___FILE_ONLY___ │ 
2026-05-21 13:31:49,754 INFO     ___FILE_ONLY___ gcloud cli dependencies (Platform Specific)        
2026-05-21 13:31:49,754 INFO     ___FILE_ONLY___  
2026-05-21 13:31:49,754 INFO     ___FILE_ONLY___ │ 
2026-05-21 13:31:49,754 INFO     ___FILE_ONLY___ 2021.04.16
2026-05-21 13:31:49,754 INFO     ___FILE_ONLY___  
2026-05-21 13:31:49,754 INFO     ___FILE_ONLY___ │ 
2026-05-21 13:31:49,754 INFO     ___FILE_ONLY___  < 1 MiB
2026-05-21 13:31:49,754 INFO     ___FILE_ONLY___  
2026-05-21 13:31:49,754 INFO     ___FILE_ONLY___ │
2026-05-21 13:31:49,754 INFO     ___FILE_ONLY___ 

2026-05-21 13:31:49,754 INFO     ___FILE_ONLY___ └─────────────────────────────────────────────────────┴────────────┴──────────┘
2026-05-21 13:31:49,755 INFO     ___FILE_ONLY___ 

2026-05-21 13:31:49,755 INFO     ___FILE_ONLY___ 

2026-05-21 13:31:49,756 DEBUG    root            On GCE from memory cache: False
2026-05-21 13:31:49,757 DEBUG    root            On GCE from memory cache: False
2026-05-21 13:31:49,758 DEBUG    urllib3.connectionpool Starting new HTTPS connection (1): dl.google.com:443
2026-05-21 13:31:49,834 DEBUG    urllib3.connectionpool https://dl.google.com:443 "GET /dl/cloudsdk/channels/rapid/RELEASE_NOTES HTTP/1.1" 200 364153
2026-05-21 13:31:50,380 INFO     ___FILE_ONLY___ For the latest full release notes, please visit:
  https://cloud.google.com/sdk/release_notes


2026-05-21 13:31:50,380 INFO     ___FILE_ONLY___ Performing in place update...


2026-05-21 13:31:50,382 INFO     ___FILE_ONLY___ ╔════════════════════════════════════════════════════════════╗

2026-05-21 13:31:50,382 INFO     ___FILE_ONLY___ ╠═ Downloading: BigQuery Command Line Tool                  ═╣

2026-05-21 13:31:50,382 INFO     ___FILE_ONLY___ ╚
2026-05-21 13:31:50,383 DEBUG    root            On GCE from memory cache: False
2026-05-21 13:31:50,385 DEBUG    root            On GCE from memory cache: False
2026-05-21 13:31:50,385 DEBUG    urllib3.connectionpool Starting new HTTPS connection (1): dl.google.com:443
2026-05-21 13:31:50,472 DEBUG    urllib3.connectionpool https://dl.google.com:443 "GET /dl/cloudsdk/channels/rapid/components/google-cloud-sdk-bq-20260327141905.tar.gz HTTP/1.1" 200 1931708
2026-05-21 13:31:50,485 INFO     ___FILE_ONLY___ ═
2026-05-21 13:31:50,485 INFO     ___FILE_ONLY___ ═
2026-05-21 13:31:50,485 INFO     ___FILE_ONLY___ ═
2026-05-21 13:31:50,485 INFO     ___FILE_ONLY___ ═
2026-05-21 13:31:50,485 INFO     ___FILE_ONLY___ ═
2026-05-21 13:31:50,485 INFO     ___FILE_ONLY___ ═
2026-05-21 13:31:50,485 INFO     ___FILE_ONLY___ ═
2026-05-21 13:31:50,485 INFO     ___FILE_ONLY___ ═
2026-05-21 13:31:50,486 INFO     ___FILE_ONLY___ ═
2026-05-21 13:31:50,486 INFO     ___FILE_ONLY___ ═
2026-05-21 13:31:50,486 INFO     ___FILE_ONLY___ ═
2026-05-21 13:31:50,486 INFO     ___FILE_ONLY___ ═
2026-05-21 13:31:50,486 INFO     ___FILE_ONLY___ ═
2026-05-21 13:31:50,486 INFO     ___FILE_ONLY___ ═
2026-05-21 13:31:50,486 INFO     ___FILE_ONLY___ ═
2026-05-21 13:31:50,486 INFO     ___FILE_ONLY___ ═
2026-05-21 13:31:50,487 INFO     ___FILE_ONLY___ ═
2026-05-21 13:31:50,487 INFO     ___FILE_ONLY___ ═
2026-05-21 13:31:50,487 INFO     ___FILE_ONLY___ ═
2026-05-21 13:31:50,487 INFO     ___FILE_ONLY___ ═
2026-05-21 13:31:50,487 INFO     ___FILE_ONLY___ ═
2026-05-21 13:31:50,487 INFO     ___FILE_ONLY___ ═
2026-05-21 13:31:50,487 INFO     ___FILE_ONLY___ ═
2026-05-21 13:31:50,487 INFO     ___FILE_ONLY___ ═
2026-05-21 13:31:50,488 INFO     ___FILE_ONLY___ ═
2026-05-21 13:31:50,488 INFO     ___FILE_ONLY___ ═
2026-05-21 13:31:50,488 INFO     ___FILE_ONLY___ ═
2026-05-21 13:31:50,488 INFO     ___FILE_ONLY___ ═
2026-05-21 13:31:50,488 INFO     ___FILE_ONLY___ ═
2026-05-21 13:31:50,488 INFO     ___FILE_ONLY___ ═
2026-05-21 13:31:50,488 INFO     ___FILE_ONLY___ ═
2026-05-21 13:31:50,488 INFO     ___FILE_ONLY___ ═
2026-05-21 13:31:50,489 INFO     ___FILE_ONLY___ ═
2026-05-21 13:31:50,489 INFO     ___FILE_ONLY___ ═
2026-05-21 13:31:50,489 INFO     ___FILE_ONLY___ ═
2026-05-21 13:31:50,489 INFO     ___FILE_ONLY___ ═
2026-05-21 13:31:50,489 INFO     ___FILE_ONLY___ ═
2026-05-21 13:31:50,489 INFO     ___FILE_ONLY___ ═
2026-05-21 13:31:50,489 INFO     ___FILE_ONLY___ ═
2026-05-21 13:31:50,489 INFO     ___FILE_ONLY___ ═
2026-05-21 13:31:50,490 INFO     ___FILE_ONLY___ ═
2026-05-21 13:31:50,490 INFO     ___FILE_ONLY___ ═
2026-05-21 13:31:50,490 INFO     ___FILE_ONLY___ ═
2026-05-21 13:31:50,490 INFO     ___FILE_ONLY___ ═
2026-05-21 13:31:50,490 INFO     ___FILE_ONLY___ ═
2026-05-21 13:31:50,490 INFO     ___FILE_ONLY___ ═
2026-05-21 13:31:50,490 INFO     ___FILE_ONLY___ ═
2026-05-21 13:31:50,490 INFO     ___FILE_ONLY___ ═
2026-05-21 13:31:50,491 INFO     ___FILE_ONLY___ ═
2026-05-21 13:31:50,491 INFO     ___FILE_ONLY___ ═
2026-05-21 13:31:50,491 INFO     ___FILE_ONLY___ ═
2026-05-21 13:31:50,491 INFO     ___FILE_ONLY___ ═
2026-05-21 13:31:50,491 INFO     ___FILE_ONLY___ ═
2026-05-21 13:31:50,491 INFO     ___FILE_ONLY___ ═
2026-05-21 13:31:50,491 INFO     ___FILE_ONLY___ ═
2026-05-21 13:31:50,492 INFO     ___FILE_ONLY___ ═
2026-05-21 13:31:50,492 INFO     ___FILE_ONLY___ ═
2026-05-21 13:31:50,492 INFO     ___FILE_ONLY___ ═
2026-05-21 13:31:50,492 INFO     ___FILE_ONLY___ ═
2026-05-21 13:31:50,492 INFO     ___FILE_ONLY___ ═
2026-05-21 13:31:50,492 INFO     ___FILE_ONLY___ ╝

2026-05-21 13:31:50,494 INFO     ___FILE_ONLY___ ╔════════════════════════════════════════════════════════════╗

2026-05-21 13:31:50,494 INFO     ___FILE_ONLY___ ╠═ Downloading: BigQuery Command Line Tool (Platform Spe... ═╣

2026-05-21 13:31:50,494 INFO     ___FILE_ONLY___ ╚
2026-05-21 13:31:50,495 DEBUG    root            On GCE from memory cache: False
2026-05-21 13:31:50,496 DEBUG    root            On GCE from memory cache: False
2026-05-21 13:31:50,497 DEBUG    urllib3.connectionpool Starting new HTTPS connection (1): dl.google.com:443
2026-05-21 13:31:50,630 DEBUG    urllib3.connectionpool https://dl.google.com:443 "GET /dl/cloudsdk/channels/rapid/components/google-cloud-sdk-bq-nix-20260424041539.tar.gz HTTP/1.1" 200 1948
2026-05-21 13:31:50,631 INFO     ___FILE_ONLY___ ════════════════════════════════════════════════════════════
2026-05-21 13:31:50,631 INFO     ___FILE_ONLY___ ╝

2026-05-21 13:31:50,633 INFO     ___FILE_ONLY___ ╔════════════════════════════════════════════════════════════╗

2026-05-21 13:31:50,633 INFO     ___FILE_ONLY___ ╠═ Downloading: Bundled Python 3.14                         ═╣

2026-05-21 13:31:50,633 INFO     ___FILE_ONLY___ ╚
2026-05-21 13:31:50,633 INFO     ___FILE_ONLY___ ════════════════════════════════════════════════════════════
2026-05-21 13:31:50,633 INFO     ___FILE_ONLY___ ╝

2026-05-21 13:31:50,635 INFO     ___FILE_ONLY___ ╔════════════════════════════════════════════════════════════╗

2026-05-21 13:31:50,635 INFO     ___FILE_ONLY___ ╠═ Downloading: Bundled Python 3.14 (Platform Specific)     ═╣

2026-05-21 13:31:50,635 INFO     ___FILE_ONLY___ ╚
2026-05-21 13:31:50,636 DEBUG    root            On GCE from memory cache: False
2026-05-21 13:31:50,637 DEBUG    root            On GCE from memory cache: False
2026-05-21 13:31:50,638 DEBUG    urllib3.connectionpool Starting new HTTPS connection (1): dl.google.com:443
2026-05-21 13:31:50,787 DEBUG    urllib3.connectionpool https://dl.google.com:443 "GET /dl/cloudsdk/channels/rapid/components/google-cloud-sdk-bundled-python3-unix-linux-x86_64-20260508041647.tar.gz HTTP/1.1" 200 27141728
2026-05-21 13:31:50,885 INFO     ___FILE_ONLY___ ═
2026-05-21 13:31:50,885 INFO     ___FILE_ONLY___ ═
2026-05-21 13:31:50,886 INFO     ___FILE_ONLY___ ═
2026-05-21 13:31:50,887 INFO     ___FILE_ONLY___ ═
2026-05-21 13:31:50,887 INFO     ___FILE_ONLY___ ═
2026-05-21 13:31:50,888 INFO     ___FILE_ONLY___ ═
2026-05-21 13:31:50,888 INFO     ___FILE_ONLY___ ═
2026-05-21 13:31:50,889 INFO     ___FILE_ONLY___ ═
2026-05-21 13:31:50,890 INFO     ___FILE_ONLY___ ═
2026-05-21 13:31:50,890 INFO     ___FILE_ONLY___ ═
2026-05-21 13:31:50,891 INFO     ___FILE_ONLY___ ═
2026-05-21 13:31:50,891 INFO     ___FILE_ONLY___ ═
2026-05-21 13:31:50,892 INFO     ___FILE_ONLY___ ═
2026-05-21 13:31:50,893 INFO     ___FILE_ONLY___ ═
2026-05-21 13:31:50,893 INFO     ___FILE_ONLY___ ═
2026-05-21 13:31:50,894 INFO     ___FILE_ONLY___ ═
2026-05-21 13:31:50,894 INFO     ___FILE_ONLY___ ═
2026-05-21 13:31:50,895 INFO     ___FILE_ONLY___ ═
2026-05-21 13:31:50,896 INFO     ___FILE_ONLY___ ═
2026-05-21 13:31:50,896 INFO     ___FILE_ONLY___ ═
2026-05-21 13:31:50,897 INFO     ___FILE_ONLY___ ═
2026-05-21 13:31:50,897 INFO     ___FILE_ONLY___ ═
2026-05-21 13:31:50,898 INFO     ___FILE_ONLY___ ═
2026-05-21 13:31:50,898 INFO     ___FILE_ONLY___ ═
2026-05-21 13:31:50,899 INFO     ___FILE_ONLY___ ═
2026-05-21 13:31:50,900 INFO     ___FILE_ONLY___ ═
2026-05-21 13:31:50,900 INFO     ___FILE_ONLY___ ═
2026-05-21 13:31:50,901 INFO     ___FILE_ONLY___ ═
2026-05-21 13:31:50,901 INFO     ___FILE_ONLY___ ═
2026-05-21 13:31:50,902 INFO     ___FILE_ONLY___ ═
2026-05-21 13:31:50,903 INFO     ___FILE_ONLY___ ═
2026-05-21 13:31:50,903 INFO     ___FILE_ONLY___ ═
2026-05-21 13:31:50,904 INFO     ___FILE_ONLY___ ═
2026-05-21 13:31:50,904 INFO     ___FILE_ONLY___ ═
2026-05-21 13:31:50,905 INFO     ___FILE_ONLY___ ═
2026-05-21 13:31:50,906 INFO     ___FILE_ONLY___ ═
2026-05-21 13:31:50,906 INFO     ___FILE_ONLY___ ═
2026-05-21 13:31:50,907 INFO     ___FILE_ONLY___ ═
2026-05-21 13:31:50,907 INFO     ___FILE_ONLY___ ═
2026-05-21 13:31:50,908 INFO     ___FILE_ONLY___ ═
2026-05-21 13:31:50,909 INFO     ___FILE_ONLY___ ═
2026-05-21 13:31:50,909 INFO     ___FILE_ONLY___ ═
2026-05-21 13:31:50,910 INFO     ___FILE_ONLY___ ═
2026-05-21 13:31:50,910 INFO     ___FILE_ONLY___ ═
2026-05-21 13:31:50,911 INFO     ___FILE_ONLY___ ═
2026-05-21 13:31:50,912 INFO     ___FILE_ONLY___ ═
2026-05-21 13:31:50,912 INFO     ___FILE_ONLY___ ═
2026-05-21 13:31:50,913 INFO     ___FILE_ONLY___ ═
2026-05-21 13:31:50,913 INFO     ___FILE_ONLY___ ═
2026-05-21 13:31:50,914 INFO     ___FILE_ONLY___ ═
2026-05-21 13:31:50,915 INFO     ___FILE_ONLY___ ═
2026-05-21 13:31:50,915 INFO     ___FILE_ONLY___ ═
2026-05-21 13:31:50,916 INFO     ___FILE_ONLY___ ═
2026-05-21 13:31:50,916 INFO     ___FILE_ONLY___ ═
2026-05-21 13:31:50,917 INFO     ___FILE_ONLY___ ═
2026-05-21 13:31:50,918 INFO     ___FILE_ONLY___ ═
2026-05-21 13:31:50,918 INFO     ___FILE_ONLY___ ═
2026-05-21 13:31:50,919 INFO     ___FILE_ONLY___ ═
2026-05-21 13:31:50,919 INFO     ___FILE_ONLY___ ═
2026-05-21 13:31:50,920 INFO     ___FILE_ONLY___ ═
2026-05-21 13:31:50,920 INFO     ___FILE_ONLY___ ╝

2026-05-21 13:31:50,922 INFO     ___FILE_ONLY___ ╔════════════════════════════════════════════════════════════╗

2026-05-21 13:31:50,922 INFO     ___FILE_ONLY___ ╠═ Downloading: Cloud Storage Command Line Tool             ═╣

2026-05-21 13:31:50,922 INFO     ___FILE_ONLY___ ╚
2026-05-21 13:31:50,923 DEBUG    root            On GCE from memory cache: False
2026-05-21 13:31:50,925 DEBUG    root            On GCE from memory cache: False
2026-05-21 13:31:50,925 DEBUG    urllib3.connectionpool Starting new HTTPS connection (1): dl.google.com:443
2026-05-21 13:31:51,013 DEBUG    urllib3.connectionpool https://dl.google.com:443 "GET /dl/cloudsdk/channels/rapid/components/google-cloud-sdk-gsutil-20260501041631.tar.gz HTTP/1.1" 200 12967034
2026-05-21 13:31:51,055 INFO     ___FILE_ONLY___ ═
2026-05-21 13:31:51,055 INFO     ___FILE_ONLY___ ═
2026-05-21 13:31:51,056 INFO     ___FILE_ONLY___ ═
2026-05-21 13:31:51,056 INFO     ___FILE_ONLY___ ═
2026-05-21 13:31:51,056 INFO     ___FILE_ONLY___ ═
2026-05-21 13:31:51,057 INFO     ___FILE_ONLY___ ═
2026-05-21 13:31:51,057 INFO     ___FILE_ONLY___ ═
2026-05-21 13:31:51,057 INFO     ___FILE_ONLY___ ═
2026-05-21 13:31:51,057 INFO     ___FILE_ONLY___ ═
2026-05-21 13:31:51,058 INFO     ___FILE_ONLY___ ═
2026-05-21 13:31:51,058 INFO     ___FILE_ONLY___ ═
2026-05-21 13:31:51,058 INFO     ___FILE_ONLY___ ═
2026-05-21 13:31:51,059 INFO     ___FILE_ONLY___ ═
2026-05-21 13:31:51,059 INFO     ___FILE_ONLY___ ═
2026-05-21 13:31:51,059 INFO     ___FILE_ONLY___ ═
2026-05-21 13:31:51,059 INFO     ___FILE_ONLY___ ═
2026-05-21 13:31:51,060 INFO     ___FILE_ONLY___ ═
2026-05-21 13:31:51,060 INFO     ___FILE_ONLY___ ═
2026-05-21 13:31:51,060 INFO     ___FILE_ONLY___ ═
2026-05-21 13:31:51,061 INFO     ___FILE_ONLY___ ═
2026-05-21 13:31:51,061 INFO     ___FILE_ONLY___ ═
2026-05-21 13:31:51,061 INFO     ___FILE_ONLY___ ═
2026-05-21 13:31:51,061 INFO     ___FILE_ONLY___ ═
2026-05-21 13:31:51,062 INFO     ___FILE_ONLY___ ═
2026-05-21 13:31:51,062 INFO     ___FILE_ONLY___ ═
2026-05-21 13:31:51,063 INFO     ___FILE_ONLY___ ═
2026-05-21 13:31:51,063 INFO     ___FILE_ONLY___ ═
2026-05-21 13:31:51,063 INFO     ___FILE_ONLY___ ═
2026-05-21 13:31:51,064 INFO     ___FILE_ONLY___ ═
2026-05-21 13:31:51,064 INFO     ___FILE_ONLY___ ═
2026-05-21 13:31:51,064 INFO     ___FILE_ONLY___ ═
2026-05-21 13:31:51,065 INFO     ___FILE_ONLY___ ═
2026-05-21 13:31:51,065 INFO     ___FILE_ONLY___ ═
2026-05-21 13:31:51,065 INFO     ___FILE_ONLY___ ═
2026-05-21 13:31:51,066 INFO     ___FILE_ONLY___ ═
2026-05-21 13:31:51,066 INFO     ___FILE_ONLY___ ═
2026-05-21 13:31:51,066 INFO     ___FILE_ONLY___ ═
2026-05-21 13:31:51,067 INFO     ___FILE_ONLY___ ═
2026-05-21 13:31:51,067 INFO     ___FILE_ONLY___ ═
2026-05-21 13:31:51,067 INFO     ___FILE_ONLY___ ═
2026-05-21 13:31:51,068 INFO     ___FILE_ONLY___ ═
2026-05-21 13:31:51,068 INFO     ___FILE_ONLY___ ═
2026-05-21 13:31:51,068 INFO     ___FILE_ONLY___ ═
2026-05-21 13:31:51,069 INFO     ___FILE_ONLY___ ═
2026-05-21 13:31:51,069 INFO     ___FILE_ONLY___ ═
2026-05-21 13:31:51,069 INFO     ___FILE_ONLY___ ═
2026-05-21 13:31:51,070 INFO     ___FILE_ONLY___ ═
2026-05-21 13:31:51,070 INFO     ___FILE_ONLY___ ═
2026-05-21 13:31:51,071 INFO     ___FILE_ONLY___ ═
2026-05-21 13:31:51,071 INFO     ___FILE_ONLY___ ═
2026-05-21 13:31:51,071 INFO     ___FILE_ONLY___ ═
2026-05-21 13:31:51,072 INFO     ___FILE_ONLY___ ═
2026-05-21 13:31:51,072 INFO     ___FILE_ONLY___ ═
2026-05-21 13:31:51,072 INFO     ___FILE_ONLY___ ═
2026-05-21 13:31:51,073 INFO     ___FILE_ONLY___ ═
2026-05-21 13:31:51,073 INFO     ___FILE_ONLY___ ═
2026-05-21 13:31:51,073 INFO     ___FILE_ONLY___ ═
2026-05-21 13:31:51,074 INFO     ___FILE_ONLY___ ═
2026-05-21 13:31:51,074 INFO     ___FILE_ONLY___ ═
2026-05-21 13:31:51,074 INFO     ___FILE_ONLY___ ═
2026-05-21 13:31:51,074 INFO     ___FILE_ONLY___ ╝

2026-05-21 13:31:51,076 INFO     ___FILE_ONLY___ ╔════════════════════════════════════════════════════════════╗

2026-05-21 13:31:51,076 INFO     ___FILE_ONLY___ ╠═ Downloading: Cloud Storage Command Line Tool (Platfor... ═╣

2026-05-21 13:31:51,076 INFO     ___FILE_ONLY___ ╚
2026-05-21 13:31:51,077 DEBUG    root            On GCE from memory cache: False
2026-05-21 13:31:51,078 DEBUG    root            On GCE from memory cache: False
2026-05-21 13:31:51,079 DEBUG    urllib3.connectionpool Starting new HTTPS connection (1): dl.google.com:443
2026-05-21 13:31:51,164 DEBUG    urllib3.connectionpool https://dl.google.com:443 "GET /dl/cloudsdk/channels/rapid/components/google-cloud-sdk-gsutil-nix-20260424041539.tar.gz HTTP/1.1" 200 1963
2026-05-21 13:31:51,165 INFO     ___FILE_ONLY___ ════════════════════════════════════════════════════════════
2026-05-21 13:31:51,165 INFO     ___FILE_ONLY___ ╝

2026-05-21 13:31:51,166 INFO     ___FILE_ONLY___ ╔════════════════════════════════════════════════════════════╗

2026-05-21 13:31:51,167 INFO     ___FILE_ONLY___ ╠═ Downloading: Default set of gcloud commands              ═╣

2026-05-21 13:31:51,167 INFO     ___FILE_ONLY___ ╚
2026-05-21 13:31:51,167 INFO     ___FILE_ONLY___ ════════════════════════════════════════════════════════════
2026-05-21 13:31:51,167 INFO     ___FILE_ONLY___ ╝

2026-05-21 13:31:51,168 INFO     ___FILE_ONLY___ ╔════════════════════════════════════════════════════════════╗

2026-05-21 13:31:51,168 INFO     ___FILE_ONLY___ ╠═ Downloading: Google Cloud CLI Core Libraries (Platfor... ═╣

2026-05-21 13:31:51,168 INFO     ___FILE_ONLY___ ╚
2026-05-21 13:31:51,169 DEBUG    root            On GCE from memory cache: False
2026-05-21 13:31:51,170 DEBUG    root            On GCE from memory cache: False
2026-05-21 13:31:51,171 DEBUG    urllib3.connectionpool Starting new HTTPS connection (1): dl.google.com:443
2026-05-21 13:31:51,193 DEBUG    urllib3.connectionpool https://dl.google.com:443 "GET /dl/cloudsdk/channels/rapid/components/google-cloud-sdk-core-nix-20260424041539.tar.gz HTTP/1.1" 200 2342
2026-05-21 13:31:51,193 INFO     ___FILE_ONLY___ ════════════════════════════════════════════════════════════
2026-05-21 13:31:51,194 INFO     ___FILE_ONLY___ ╝

2026-05-21 13:31:51,195 INFO     ___FILE_ONLY___ ╔════════════════════════════════════════════════════════════╗

2026-05-21 13:31:51,195 INFO     ___FILE_ONLY___ ╠═ Downloading: Google Cloud CRC32C Hash Tool               ═╣

2026-05-21 13:31:51,195 INFO     ___FILE_ONLY___ ╚
2026-05-21 13:31:51,195 INFO     ___FILE_ONLY___ ════════════════════════════════════════════════════════════
2026-05-21 13:31:51,195 INFO     ___FILE_ONLY___ ╝

2026-05-21 13:31:51,197 INFO     ___FILE_ONLY___ ╔════════════════════════════════════════════════════════════╗

2026-05-21 13:31:51,197 INFO     ___FILE_ONLY___ ╠═ Downloading: Google Cloud CRC32C Hash Tool (Platform ... ═╣

2026-05-21 13:31:51,197 INFO     ___FILE_ONLY___ ╚
2026-05-21 13:31:51,198 DEBUG    root            On GCE from memory cache: False
2026-05-21 13:31:51,199 DEBUG    root            On GCE from memory cache: False
2026-05-21 13:31:51,200 DEBUG    urllib3.connectionpool Starting new HTTPS connection (1): dl.google.com:443
2026-05-21 13:31:51,282 DEBUG    urllib3.connectionpool https://dl.google.com:443 "GET /dl/cloudsdk/channels/rapid/components/google-cloud-sdk-gcloud-crc32c-linux-x86_64-20260424041539.tar.gz HTTP/1.1" 200 1609375
2026-05-21 13:31:51,292 INFO     ___FILE_ONLY___ ═
2026-05-21 13:31:51,292 INFO     ___FILE_ONLY___ ═
2026-05-21 13:31:51,292 INFO     ___FILE_ONLY___ ═
2026-05-21 13:31:51,292 INFO     ___FILE_ONLY___ ═
2026-05-21 13:31:51,292 INFO     ___FILE_ONLY___ ═
2026-05-21 13:31:51,292 INFO     ___FILE_ONLY___ ═
2026-05-21 13:31:51,292 INFO     ___FILE_ONLY___ ═
2026-05-21 13:31:51,292 INFO     ___FILE_ONLY___ ═
2026-05-21 13:31:51,293 INFO     ___FILE_ONLY___ ═
2026-05-21 13:31:51,293 INFO     ___FILE_ONLY___ ═
2026-05-21 13:31:51,293 INFO     ___FILE_ONLY___ ═
2026-05-21 13:31:51,293 INFO     ___FILE_ONLY___ ═
2026-05-21 13:31:51,293 INFO     ___FILE_ONLY___ ═
2026-05-21 13:31:51,293 INFO     ___FILE_ONLY___ ═
2026-05-21 13:31:51,293 INFO     ___FILE_ONLY___ ═
2026-05-21 13:31:51,293 INFO     ___FILE_ONLY___ ═
2026-05-21 13:31:51,294 INFO     ___FILE_ONLY___ ═
2026-05-21 13:31:51,294 INFO     ___FILE_ONLY___ ═
2026-05-21 13:31:51,294 INFO     ___FILE_ONLY___ ═
2026-05-21 13:31:51,294 INFO     ___FILE_ONLY___ ═
2026-05-21 13:31:51,294 INFO     ___FILE_ONLY___ ═
2026-05-21 13:31:51,294 INFO     ___FILE_ONLY___ ═
2026-05-21 13:31:51,294 INFO     ___FILE_ONLY___ ═
2026-05-21 13:31:51,294 INFO     ___FILE_ONLY___ ═
2026-05-21 13:31:51,294 INFO     ___FILE_ONLY___ ═
2026-05-21 13:31:51,295 INFO     ___FILE_ONLY___ ═
2026-05-21 13:31:51,295 INFO     ___FILE_ONLY___ ═
2026-05-21 13:31:51,295 INFO     ___FILE_ONLY___ ═
2026-05-21 13:31:51,295 INFO     ___FILE_ONLY___ ═
2026-05-21 13:31:51,295 INFO     ___FILE_ONLY___ ═
2026-05-21 13:31:51,295 INFO     ___FILE_ONLY___ ═
2026-05-21 13:31:51,295 INFO     ___FILE_ONLY___ ═
2026-05-21 13:31:51,296 INFO     ___FILE_ONLY___ ═
2026-05-21 13:31:51,296 INFO     ___FILE_ONLY___ ═
2026-05-21 13:31:51,296 INFO     ___FILE_ONLY___ ═
2026-05-21 13:31:51,296 INFO     ___FILE_ONLY___ ═
2026-05-21 13:31:51,296 INFO     ___FILE_ONLY___ ═
2026-05-21 13:31:51,296 INFO     ___FILE_ONLY___ ═
2026-05-21 13:31:51,296 INFO     ___FILE_ONLY___ ═
2026-05-21 13:31:51,296 INFO     ___FILE_ONLY___ ═
2026-05-21 13:31:51,297 INFO     ___FILE_ONLY___ ═
2026-05-21 13:31:51,297 INFO     ___FILE_ONLY___ ═
2026-05-21 13:31:51,297 INFO     ___FILE_ONLY___ ═
2026-05-21 13:31:51,297 INFO     ___FILE_ONLY___ ═
2026-05-21 13:31:51,297 INFO     ___FILE_ONLY___ ═
2026-05-21 13:31:51,297 INFO     ___FILE_ONLY___ ═
2026-05-21 13:31:51,297 INFO     ___FILE_ONLY___ ═
2026-05-21 13:31:51,297 INFO     ___FILE_ONLY___ ═
2026-05-21 13:31:51,297 INFO     ___FILE_ONLY___ ═
2026-05-21 13:31:51,298 INFO     ___FILE_ONLY___ ═
2026-05-21 13:31:51,298 INFO     ___FILE_ONLY___ ═
2026-05-21 13:31:51,298 INFO     ___FILE_ONLY___ ═
2026-05-21 13:31:51,298 INFO     ___FILE_ONLY___ ═
2026-05-21 13:31:51,298 INFO     ___FILE_ONLY___ ═
2026-05-21 13:31:51,298 INFO     ___FILE_ONLY___ ═
2026-05-21 13:31:51,298 INFO     ___FILE_ONLY___ ═
2026-05-21 13:31:51,298 INFO     ___FILE_ONLY___ ═
2026-05-21 13:31:51,299 INFO     ___FILE_ONLY___ ═
2026-05-21 13:31:51,299 INFO     ___FILE_ONLY___ ═
2026-05-21 13:31:51,299 INFO     ___FILE_ONLY___ ═
2026-05-21 13:31:51,299 INFO     ___FILE_ONLY___ ╝

2026-05-21 13:31:51,301 INFO     ___FILE_ONLY___ ╔════════════════════════════════════════════════════════════╗

2026-05-21 13:31:51,301 INFO     ___FILE_ONLY___ ╠═ Downloading: gcloud cli dependencies (Platform Specific) ═╣

2026-05-21 13:31:51,301 INFO     ___FILE_ONLY___ ╚
2026-05-21 13:31:51,301 DEBUG    root            On GCE from memory cache: False
2026-05-21 13:31:51,302 DEBUG    root            On GCE from memory cache: False
2026-05-21 13:31:51,303 DEBUG    urllib3.connectionpool Starting new HTTPS connection (1): dl.google.com:443
2026-05-21 13:31:51,380 DEBUG    urllib3.connectionpool https://dl.google.com:443 "GET /dl/cloudsdk/channels/rapid/components/google-cloud-sdk-gcloud-deps-linux-x86_64-20210416153011.tar.gz HTTP/1.1" 200 104
2026-05-21 13:31:51,382 INFO     ___FILE_ONLY___ ════════════════════════════════════════════════════════════
2026-05-21 13:31:51,382 INFO     ___FILE_ONLY___ ╝

2026-05-21 13:31:51,384 INFO     ___FILE_ONLY___ ╔════════════════════════════════════════════════════════════╗

2026-05-21 13:31:51,384 INFO     ___FILE_ONLY___ ╠═ Installing: BigQuery Command Line Tool                   ═╣

2026-05-21 13:31:51,384 INFO     ___FILE_ONLY___ ╚
2026-05-21 13:31:51,483 INFO     ___FILE_ONLY___ ═
2026-05-21 13:31:51,485 INFO     ___FILE_ONLY___ ═
2026-05-21 13:31:51,488 INFO     ___FILE_ONLY___ ═
2026-05-21 13:31:51,490 INFO     ___FILE_ONLY___ ═
2026-05-21 13:31:51,493 INFO     ___FILE_ONLY___ ═
2026-05-21 13:31:51,496 INFO     ___FILE_ONLY___ ═
2026-05-21 13:31:51,498 INFO     ___FILE_ONLY___ ═
2026-05-21 13:31:51,500 INFO     ___FILE_ONLY___ ═
2026-05-21 13:31:51,503 INFO     ___FILE_ONLY___ ═
2026-05-21 13:31:51,505 INFO     ___FILE_ONLY___ ═
2026-05-21 13:31:51,507 INFO     ___FILE_ONLY___ ═
2026-05-21 13:31:51,510 INFO     ___FILE_ONLY___ ═
2026-05-21 13:31:51,512 INFO     ___FILE_ONLY___ ═
2026-05-21 13:31:51,514 INFO     ___FILE_ONLY___ ═
2026-05-21 13:31:51,517 INFO     ___FILE_ONLY___ ═
2026-05-21 13:31:51,519 INFO     ___FILE_ONLY___ ═
2026-05-21 13:31:51,521 INFO     ___FILE_ONLY___ ═
2026-05-21 13:31:51,525 INFO     ___FILE_ONLY___ ═
2026-05-21 13:31:51,527 INFO     ___FILE_ONLY___ ═
2026-05-21 13:31:51,529 INFO     ___FILE_ONLY___ ═
2026-05-21 13:31:51,532 INFO     ___FILE_ONLY___ ═
2026-05-21 13:31:51,534 INFO     ___FILE_ONLY___ ═
2026-05-21 13:31:51,536 INFO     ___FILE_ONLY___ ═
2026-05-21 13:31:51,538 INFO     ___FILE_ONLY___ ═
2026-05-21 13:31:51,541 INFO     ___FILE_ONLY___ ═
2026-05-21 13:31:51,543 INFO     ___FILE_ONLY___ ═
2026-05-21 13:31:51,545 INFO     ___FILE_ONLY___ ═
2026-05-21 13:31:51,546 INFO     ___FILE_ONLY___ ═
2026-05-21 13:31:51,548 INFO     ___FILE_ONLY___ ═
2026-05-21 13:31:51,550 INFO     ___FILE_ONLY___ ═
2026-05-21 13:31:51,552 INFO     ___FILE_ONLY___ ═
2026-05-21 13:31:51,554 INFO     ___FILE_ONLY___ ═
2026-05-21 13:31:51,555 INFO     ___FILE_ONLY___ ═
2026-05-21 13:31:51,559 INFO     ___FILE_ONLY___ ═
2026-05-21 13:31:51,561 INFO     ___FILE_ONLY___ ═
2026-05-21 13:31:51,563 INFO     ___FILE_ONLY___ ═
2026-05-21 13:31:51,566 INFO     ___FILE_ONLY___ ═
2026-05-21 13:31:51,569 INFO     ___FILE_ONLY___ ═
2026-05-21 13:31:51,577 INFO     ___FILE_ONLY___ ═
2026-05-21 13:31:51,584 INFO     ___FILE_ONLY___ ═
2026-05-21 13:31:51,586 INFO     ___FILE_ONLY___ ═
2026-05-21 13:31:51,589 INFO     ___FILE_ONLY___ ═
2026-05-21 13:31:51,592 INFO     ___FILE_ONLY___ ═
2026-05-21 13:31:51,594 INFO     ___FILE_ONLY___ ═
2026-05-21 13:31:51,596 INFO     ___FILE_ONLY___ ═
2026-05-21 13:31:51,601 INFO     ___FILE_ONLY___ ═
2026-05-21 13:31:51,603 INFO     ___FILE_ONLY___ ═
2026-05-21 13:31:51,605 INFO     ___FILE_ONLY___ ═
2026-05-21 13:31:51,607 INFO     ___FILE_ONLY___ ═
2026-05-21 13:31:51,609 INFO     ___FILE_ONLY___ ═
2026-05-21 13:31:51,612 INFO     ___FILE_ONLY___ ═
2026-05-21 13:31:51,614 INFO     ___FILE_ONLY___ ═
2026-05-21 13:31:51,616 INFO     ___FILE_ONLY___ ═
2026-05-21 13:31:51,619 INFO     ___FILE_ONLY___ ═
2026-05-21 13:31:51,621 INFO     ___FILE_ONLY___ ═
2026-05-21 13:31:51,623 INFO     ___FILE_ONLY___ ═
2026-05-21 13:31:51,625 INFO     ___FILE_ONLY___ ═
2026-05-21 13:31:51,627 INFO     ___FILE_ONLY___ ═
2026-05-21 13:31:51,629 INFO     ___FILE_ONLY___ ═
2026-05-21 13:31:51,631 INFO     ___FILE_ONLY___ ═
2026-05-21 13:31:51,631 INFO     ___FILE_ONLY___ ╝

2026-05-21 13:31:51,639 INFO     ___FILE_ONLY___ ╔════════════════════════════════════════════════════════════╗

2026-05-21 13:31:51,639 INFO     ___FILE_ONLY___ ╠═ Installing: BigQuery Command Line Tool (Platform Spec... ═╣

2026-05-21 13:31:51,639 INFO     ___FILE_ONLY___ ╚
2026-05-21 13:31:51,640 INFO     ___FILE_ONLY___ ════════════════════════════════════════════════════════════
2026-05-21 13:31:51,640 INFO     ___FILE_ONLY___ ╝

2026-05-21 13:31:51,645 INFO     ___FILE_ONLY___ ╔════════════════════════════════════════════════════════════╗

2026-05-21 13:31:51,645 INFO     ___FILE_ONLY___ ╠═ Installing: Bundled Python 3.14                          ═╣

2026-05-21 13:31:51,645 INFO     ___FILE_ONLY___ ╚
2026-05-21 13:31:51,648 INFO     ___FILE_ONLY___ ════════════════════════════════════════════════════════════
2026-05-21 13:31:51,648 INFO     ___FILE_ONLY___ ╝

2026-05-21 13:31:51,649 INFO     ___FILE_ONLY___ ╔════════════════════════════════════════════════════════════╗

2026-05-21 13:31:51,649 INFO     ___FILE_ONLY___ ╠═ Installing: Bundled Python 3.14 (Platform Specific)      ═╣

2026-05-21 13:31:51,649 INFO     ___FILE_ONLY___ ╚
2026-05-21 13:31:52,549 INFO     ___FILE_ONLY___ ═
2026-05-21 13:31:52,564 INFO     ___FILE_ONLY___ ═
2026-05-21 13:31:52,577 INFO     ___FILE_ONLY___ ═
2026-05-21 13:31:52,744 INFO     ___FILE_ONLY___ ═
2026-05-21 13:31:52,767 INFO     ___FILE_ONLY___ ═
2026-05-21 13:31:52,792 INFO     ___FILE_ONLY___ ═
2026-05-21 13:31:52,813 INFO     ___FILE_ONLY___ ═
2026-05-21 13:31:52,829 INFO     ___FILE_ONLY___ ═
2026-05-21 13:31:52,856 INFO     ___FILE_ONLY___ ═
2026-05-21 13:31:52,868 INFO     ___FILE_ONLY___ ═
2026-05-21 13:31:52,963 INFO     ___FILE_ONLY___ ═
2026-05-21 13:31:52,979 INFO     ___FILE_ONLY___ ═
2026-05-21 13:31:52,996 INFO     ___FILE_ONLY___ ═
2026-05-21 13:31:53,021 INFO     ___FILE_ONLY___ ═
2026-05-21 13:31:53,036 INFO     ___FILE_ONLY___ ═
2026-05-21 13:31:53,053 INFO     ___FILE_ONLY___ ═
2026-05-21 13:31:53,064 INFO     ___FILE_ONLY___ ═
2026-05-21 13:31:53,078 INFO     ___FILE_ONLY___ ═
2026-05-21 13:31:53,091 INFO     ___FILE_ONLY___ ═
2026-05-21 13:31:53,107 INFO     ___FILE_ONLY___ ═
2026-05-21 13:31:53,125 INFO     ___FILE_ONLY___ ═
2026-05-21 13:31:53,142 INFO     ___FILE_ONLY___ ═
2026-05-21 13:31:53,293 INFO     ___FILE_ONLY___ ═
2026-05-21 13:31:53,310 INFO     ___FILE_ONLY___ ═
2026-05-21 13:31:53,330 INFO     ___FILE_ONLY___ ═
2026-05-21 13:31:53,371 INFO     ___FILE_ONLY___ ═
2026-05-21 13:31:53,386 INFO     ___FILE_ONLY___ ═
2026-05-21 13:31:53,396 INFO     ___FILE_ONLY___ ═
2026-05-21 13:31:53,406 INFO     ___FILE_ONLY___ ═
2026-05-21 13:31:53,415 INFO     ___FILE_ONLY___ ═
2026-05-21 13:31:53,424 INFO     ___FILE_ONLY___ ═
2026-05-21 13:31:53,434 INFO     ___FILE_ONLY___ ═
2026-05-21 13:31:53,444 INFO     ___FILE_ONLY___ ═
2026-05-21 13:31:53,453 INFO     ___FILE_ONLY___ ═
2026-05-21 13:31:53,463 INFO     ___FILE_ONLY___ ═
2026-05-21 13:31:53,472 INFO     ___FILE_ONLY___ ═
2026-05-21 13:31:53,483 INFO     ___FILE_ONLY___ ═
2026-05-21 13:31:53,493 INFO     ___FILE_ONLY___ ═
2026-05-21 13:31:53,504 INFO     ___FILE_ONLY___ ═
2026-05-21 13:31:53,514 INFO     ___FILE_ONLY___ ═
2026-05-21 13:31:53,524 INFO     ___FILE_ONLY___ ═
2026-05-21 13:31:53,533 INFO     ___FILE_ONLY___ ═
2026-05-21 13:31:53,543 INFO     ___FILE_ONLY___ ═
2026-05-21 13:31:53,552 INFO     ___FILE_ONLY___ ═
2026-05-21 13:31:53,562 INFO     ___FILE_ONLY___ ═
2026-05-21 13:31:53,572 INFO     ___FILE_ONLY___ ═
2026-05-21 13:31:53,583 INFO     ___FILE_ONLY___ ═
2026-05-21 13:31:53,592 INFO     ___FILE_ONLY___ ═
2026-05-21 13:31:53,602 INFO     ___FILE_ONLY___ ═
2026-05-21 13:31:53,612 INFO     ___FILE_ONLY___ ═
2026-05-21 13:31:53,621 INFO     ___FILE_ONLY___ ═
2026-05-21 13:31:53,631 INFO     ___FILE_ONLY___ ═
2026-05-21 13:31:53,641 INFO     ___FILE_ONLY___ ═
2026-05-21 13:31:53,651 INFO     ___FILE_ONLY___ ═
2026-05-21 13:31:53,661 INFO     ___FILE_ONLY___ ═
2026-05-21 13:31:53,672 INFO     ___FILE_ONLY___ ═
2026-05-21 13:31:53,682 INFO     ___FILE_ONLY___ ═
2026-05-21 13:31:53,692 INFO     ___FILE_ONLY___ ═
2026-05-21 13:31:53,702 INFO     ___FILE_ONLY___ ═
2026-05-21 13:31:53,712 INFO     ___FILE_ONLY___ ═
2026-05-21 13:31:53,712 INFO     ___FILE_ONLY___ ╝

2026-05-21 13:31:53,753 INFO     ___FILE_ONLY___ ╔════════════════════════════════════════════════════════════╗

2026-05-21 13:31:53,753 INFO     ___FILE_ONLY___ ╠═ Installing: Cloud Storage Command Line Tool              ═╣

2026-05-21 13:31:53,753 INFO     ___FILE_ONLY___ ╚
2026-05-21 13:31:54,287 INFO     ___FILE_ONLY___ ═
2026-05-21 13:31:54,298 INFO     ___FILE_ONLY___ ═
2026-05-21 13:31:54,308 INFO     ___FILE_ONLY___ ═
2026-05-21 13:31:54,317 INFO     ___FILE_ONLY___ ═
2026-05-21 13:31:54,326 INFO     ___FILE_ONLY___ ═
2026-05-21 13:31:54,359 INFO     ___FILE_ONLY___ ═
2026-05-21 13:31:54,372 INFO     ___FILE_ONLY___ ═
2026-05-21 13:31:54,386 INFO     ___FILE_ONLY___ ═
2026-05-21 13:31:54,400 INFO     ___FILE_ONLY___ ═
2026-05-21 13:31:54,414 INFO     ___FILE_ONLY___ ═
2026-05-21 13:31:54,430 INFO     ___FILE_ONLY___ ═
2026-05-21 13:31:54,441 INFO     ___FILE_ONLY___ ═
2026-05-21 13:31:54,452 INFO     ___FILE_ONLY___ ═
2026-05-21 13:31:54,460 INFO     ___FILE_ONLY___ ═
2026-05-21 13:31:54,469 INFO     ___FILE_ONLY___ ═
2026-05-21 13:31:54,487 INFO     ___FILE_ONLY___ ═
2026-05-21 13:31:54,500 INFO     ___FILE_ONLY___ ═
2026-05-21 13:31:54,508 INFO     ___FILE_ONLY___ ═
2026-05-21 13:31:54,520 INFO     ___FILE_ONLY___ ═
2026-05-21 13:31:54,529 INFO     ___FILE_ONLY___ ═
2026-05-21 13:31:54,538 INFO     ___FILE_ONLY___ ═
2026-05-21 13:31:54,550 INFO     ___FILE_ONLY___ ═
2026-05-21 13:31:54,560 INFO     ___FILE_ONLY___ ═
2026-05-21 13:31:54,569 INFO     ___FILE_ONLY___ ═
2026-05-21 13:31:54,579 INFO     ___FILE_ONLY___ ═
2026-05-21 13:31:54,589 INFO     ___FILE_ONLY___ ═
2026-05-21 13:31:54,598 INFO     ___FILE_ONLY___ ═
2026-05-21 13:31:54,611 INFO     ___FILE_ONLY___ ═
2026-05-21 13:31:54,626 INFO     ___FILE_ONLY___ ═
2026-05-21 13:31:54,637 INFO     ___FILE_ONLY___ ═
2026-05-21 13:31:54,649 INFO     ___FILE_ONLY___ ═
2026-05-21 13:31:54,668 INFO     ___FILE_ONLY___ ═
2026-05-21 13:31:54,682 INFO     ___FILE_ONLY___ ═
2026-05-21 13:31:54,700 INFO     ___FILE_ONLY___ ═
2026-05-21 13:31:54,714 INFO     ___FILE_ONLY___ ═
2026-05-21 13:31:54,728 INFO     ___FILE_ONLY___ ═
2026-05-21 13:31:54,737 INFO     ___FILE_ONLY___ ═
2026-05-21 13:31:54,748 INFO     ___FILE_ONLY___ ═
2026-05-21 13:31:54,781 INFO     ___FILE_ONLY___ ═
2026-05-21 13:31:54,794 INFO     ___FILE_ONLY___ ═
2026-05-21 13:31:54,805 INFO     ___FILE_ONLY___ ═
2026-05-21 13:31:54,814 INFO     ___FILE_ONLY___ ═
2026-05-21 13:31:54,823 INFO     ___FILE_ONLY___ ═
2026-05-21 13:31:54,833 INFO     ___FILE_ONLY___ ═
2026-05-21 13:31:54,843 INFO     ___FILE_ONLY___ ═
2026-05-21 13:31:54,852 INFO     ___FILE_ONLY___ ═
2026-05-21 13:31:54,860 INFO     ___FILE_ONLY___ ═
2026-05-21 13:31:54,869 INFO     ___FILE_ONLY___ ═
2026-05-21 13:31:54,878 INFO     ___FILE_ONLY___ ═
2026-05-21 13:31:54,889 INFO     ___FILE_ONLY___ ═
2026-05-21 13:31:54,903 INFO     ___FILE_ONLY___ ═
2026-05-21 13:31:54,915 INFO     ___FILE_ONLY___ ═
2026-05-21 13:31:54,927 INFO     ___FILE_ONLY___ ═
2026-05-21 13:31:54,940 INFO     ___FILE_ONLY___ ═
2026-05-21 13:31:54,951 INFO     ___FILE_ONLY___ ═
2026-05-21 13:31:54,965 INFO     ___FILE_ONLY___ ═
2026-05-21 13:31:54,979 INFO     ___FILE_ONLY___ ═
2026-05-21 13:31:54,999 INFO     ___FILE_ONLY___ ═
2026-05-21 13:31:55,014 INFO     ___FILE_ONLY___ ═
2026-05-21 13:31:55,031 INFO     ___FILE_ONLY___ ═
2026-05-21 13:31:55,031 INFO     ___FILE_ONLY___ ╝

2026-05-21 13:31:55,061 INFO     ___FILE_ONLY___ ╔════════════════════════════════════════════════════════════╗

2026-05-21 13:31:55,061 INFO     ___FILE_ONLY___ ╠═ Installing: Cloud Storage Command Line Tool (Platform... ═╣

2026-05-21 13:31:55,061 INFO     ___FILE_ONLY___ ╚
2026-05-21 13:31:55,062 INFO     ___FILE_ONLY___ ════════════════════════════════════════════════════════════
2026-05-21 13:31:55,062 INFO     ___FILE_ONLY___ ╝

2026-05-21 13:31:55,066 INFO     ___FILE_ONLY___ ╔════════════════════════════════════════════════════════════╗

2026-05-21 13:31:55,066 INFO     ___FILE_ONLY___ ╠═ Installing: Default set of gcloud commands               ═╣

2026-05-21 13:31:55,066 INFO     ___FILE_ONLY___ ╚
2026-05-21 13:31:55,068 INFO     ___FILE_ONLY___ ════════════════════════════════════════════════════════════
2026-05-21 13:31:55,068 INFO     ___FILE_ONLY___ ╝

2026-05-21 13:31:55,069 INFO     ___FILE_ONLY___ ╔════════════════════════════════════════════════════════════╗

2026-05-21 13:31:55,069 INFO     ___FILE_ONLY___ ╠═ Installing: Google Cloud CLI Core Libraries (Platform... ═╣

2026-05-21 13:31:55,070 INFO     ___FILE_ONLY___ ╚
2026-05-21 13:31:55,070 INFO     ___FILE_ONLY___ ══════════════════════════════
2026-05-21 13:31:55,071 INFO     ___FILE_ONLY___ ══════════════════════════════
2026-05-21 13:31:55,071 INFO     ___FILE_ONLY___ ╝

2026-05-21 13:31:55,074 INFO     ___FILE_ONLY___ ╔════════════════════════════════════════════════════════════╗

2026-05-21 13:31:55,074 INFO     ___FILE_ONLY___ ╠═ Installing: Google Cloud CRC32C Hash Tool                ═╣

2026-05-21 13:31:55,074 INFO     ___FILE_ONLY___ ╚
2026-05-21 13:31:55,077 INFO     ___FILE_ONLY___ ════════════════════════════════════════════════════════════
2026-05-21 13:31:55,077 INFO     ___FILE_ONLY___ ╝

2026-05-21 13:31:55,078 INFO     ___FILE_ONLY___ ╔════════════════════════════════════════════════════════════╗

2026-05-21 13:31:55,078 INFO     ___FILE_ONLY___ ╠═ Installing: Google Cloud CRC32C Hash Tool (Platform S... ═╣

2026-05-21 13:31:55,078 INFO     ___FILE_ONLY___ ╚
2026-05-21 13:31:55,115 INFO     ___FILE_ONLY___ ══════════════════════════════
2026-05-21 13:31:55,115 INFO     ___FILE_ONLY___ ══════════════════════════════
2026-05-21 13:31:55,115 INFO     ___FILE_ONLY___ ╝

2026-05-21 13:31:55,119 INFO     ___FILE_ONLY___ ╔════════════════════════════════════════════════════════════╗

2026-05-21 13:31:55,120 INFO     ___FILE_ONLY___ ╠═ Installing: gcloud cli dependencies (Platform Specific)  ═╣

2026-05-21 13:31:55,120 INFO     ___FILE_ONLY___ ╚
2026-05-21 13:31:55,120 INFO     ___FILE_ONLY___ ════════════════════════════════════════════════════════════
2026-05-21 13:31:55,120 INFO     ___FILE_ONLY___ ╝

2026-05-21 13:31:55,124 DEBUG    root            Updating notification cache...
2026-05-21 13:31:55,125 INFO     ___FILE_ONLY___ 

2026-05-21 13:31:55,126 INFO     ___FILE_ONLY___ Performing post processing steps...
2026-05-21 13:31:55,127 DEBUG    root            Executing command: ['/tools/google-cloud-sdk/bin/gcloud', 'components', 'post-process']
2026-05-21 13:32:05,400 DEBUG    ___FILE_ONLY___ 
2026-05-21 13:32:05,400 DEBUG    ___FILE_ONLY___ 
2026-05-21 13:32:05,659 INFO     root            descriptor_list: [{'universeDomain': 'googleapis.com', 'universeShortName': '', 'authenticationDomain': 'auth.cloud.google.com', 'projectPrefix': '', 'cloudWebDomain': 'cloud.google.com', 'documentationDomain': 'cloud.google.com', 'version': '1.0.0', 'state': 'primary', 'artifactRegistryDomain': 'pkg.dev'}]
2026-05-21 13:32:05,659 INFO     ___FILE_ONLY___ 
Update done!


2026-05-21 13:32:05,663 DEBUG    root            Chosen display Format:none
2026-05-21 13:32:05,663 INFO     root            Display format: "none"
