2026-05-25 02:55:54,403 [INFO] graphs_generator.run_graph_generation: Starting graph generation process (force=False)...
2026-05-25 02:55:54,539 [WARNING] graphs_generator.run_graph_generation: Text file not found: \content\corpus\Indian\Buddhism\The_Dhammapada\The_Dhammapada.txt
2026-05-25 02:55:54,539 [WARNING] graphs_generator.run_graph_generation: Text file not found: \content\corpus\Chinese\Taoism\The_Tao_Teh_King\The_Tao_Teh_King.txt
2026-05-25 02:55:54,539 [WARNING] graphs_generator.run_graph_generation: Text file not found: \content\corpus\Near_Eastern\Ancient_Egyptian\The_Book_of_the_Dead\The_Book_of_the_Dead.txt
2026-05-25 02:55:54,539 [WARNING] graphs_generator.run_graph_generation: Text file not found: \content\corpus\Indian\Hinduism\The_Upanishads\The_Upanishads.txt
2026-05-25 02:55:54,539 [WARNING] graphs_generator.run_graph_generation: Text file not found: \content\corpus\Buddhist\Japanese_Buddhism\Buddhist_Psalms\Buddhist_Psalms.txt
2026-05-25 02:55:54,539 [WARNING] graphs_generator.run_graph_generation: Text file not found: \content\corpus\Chinese\Confucianism\The_Analects_of_Confucius\The_Analects_of_Confucius.txt
2026-05-25 02:55:54,539 [WARNING] graphs_generator.run_graph_generation: Text file not found: \content\corpus\Mesopotamian\Babylonian\The_Babylonian_Legends_of_the_Creation\The_Babylonian_Legends_of_the_Creation.txt
2026-05-25 02:55:54,539 [WARNING] graphs_generator.run_graph_generation: Text file not found: \content\corpus\Chinese\Chinese\Myths_and_Legends_of_China\Myths_and_Legends_of_China.txt
2026-05-25 02:55:54,539 [WARNING] graphs_generator.run_graph_generation: Text file not found: \content\corpus\African\West_African\West_African_Folk-Tales\West_African_Folk-Tales.txt
2026-05-25 02:55:54,539 [WARNING] graphs_generator.run_graph_generation: Text file not found: \content\corpus\Indo-European\Germanic\The_Nibelungenlied\The_Nibelungenlied.txt
2026-05-25 02:55:54,539 [WARNING] graphs_generator.run_graph_generation: Text file not found: \content\corpus\Indo-European\Greek\The_Iliad\The_Iliad.txt
2026-05-25 02:55:54,539 [WARNING] graphs_generator.run_graph_generation: Text file not found: \content\corpus\Indo-European\Norse\The_Poetic_Edda\The_Poetic_Edda.txt
2026-05-25 02:55:54,552 [WARNING] graphs_generator.run_graph_generation: Text file not found: \content\corpus\Finno-Ugric\Finnish\Kalevala_The_Epic_Poem_of_Finland\Kalevala_The_Epic_Poem_of_Finland.txt
2026-05-25 02:55:54,553 [WARNING] graphs_generator.run_graph_generation: Text file not found: \content\corpus\Indo-European\Celtic\The_Mabinogion\The_Mabinogion.txt
2026-05-25 02:55:54,554 [WARNING] graphs_generator.run_graph_generation: Text file not found: \content\corpus\Indigenous_Australian\Australian_Aboriginal\Australian_Legendary_Tales\Australian_Legendary_Tales.txt
2026-05-25 02:55:54,555 [WARNING] graphs_generator.run_graph_generation: Text file not found: \content\corpus\Polynesian\Maori\Te_Tohunga\Te_Tohunga.txt
2026-05-25 02:55:54,555 [WARNING] graphs_generator.run_graph_generation: Text file not found: \content\corpus\Indian\Hinduism\The_Ramayan_of_Valmiki\The_Ramayan_of_Valmiki.txt
2026-05-25 02:55:54,555 [WARNING] graphs_generator.run_graph_generation: Text file not found: \content\corpus\Mesoamerican\Maya\The_Popol_Vuh\The_Popol_Vuh.txt
2026-05-25 02:55:54,555 [WARNING] graphs_generator.run_graph_generation: Text file not found: \content\corpus\Abrahamic\Islam\The_Koran\The_Koran.txt
2026-05-25 02:55:54,555 [WARNING] graphs_generator.run_graph_generation: Text file not found: \content\corpus\Indian\Hinduism\The_Bhagavad_Gita\The_Bhagavad_Gita.txt
2026-05-25 02:55:54,555 [WARNING] graphs_generator.run_graph_generation: Text file not found: \content\corpus\Indo-European\Anglo-Saxon\Beowulf\Beowulf.txt
2026-05-25 02:55:54,555 [WARNING] graphs_generator.run_graph_generation: Text file not found: \content\corpus\Abrahamic\Christianity\The_King_James_Version_of_the_Bible\The_King_James_Version_of_the_Bible.txt
2026-05-25 02:55:54,555 [WARNING] graphs_generator.run_graph_generation: Text file not found: \content\corpus\Polynesian\Polynesian\Legends_of_Ma-ui_a_Demi_God_of_Polynesia\Legends_of_Ma-ui_a_Demi_God_of_Polynesia.txt
2026-05-25 02:55:54,555 [WARNING] graphs_generator.run_graph_generation: Text file not found: \content\corpus\Indo-European\Greek\The_Odyssey\The_Odyssey.txt
2026-05-25 02:55:54,555 [WARNING] graphs_generator.run_graph_generation: Text file not found: \content\corpus\Indo-European\Roman\The_Aeneid\The_Aeneid.txt
2026-05-25 02:55:54,555 [WARNING] graphs_generator.run_graph_generation: Text file not found: \content\corpus\Indigenous_Australian\Australian\Myths_of_the_Australian_Aborigines\Myths_of_the_Australian_Aborigines.txt
2026-05-25 02:55:54,555 [WARNING] graphs_generator.run_graph_generation: Text file not found: \content\corpus\Indian\Hinduism\The_Mahabharata\The_Mahabharata.txt
2026-05-25 02:55:54,555 [WARNING] graphs_generator.run_graph_generation: Text file not found: \content\corpus\Mesopotamian\Babylonian\The_Code_of_Hammurabi\The_Code_of_Hammurabi.txt
